TN:
SF:src/engine/badges.ts
FN:36,(anonymous_0)
FN:46,(anonymous_1)
FN:57,(anonymous_2)
FN:68,(anonymous_3)
FN:81,(anonymous_4)
FN:84,(anonymous_5)
FN:85,(anonymous_6)
FN:86,(anonymous_7)
FN:101,(anonymous_8)
FN:113,(anonymous_9)
FN:123,(anonymous_10)
FN:133,(anonymous_11)
FN:145,(anonymous_12)
FN:155,(anonymous_13)
FN:165,(anonymous_14)
FN:178,(anonymous_15)
FN:188,(anonymous_16)
FN:198,(anonymous_17)
FN:208,evaluateBadges
FN:213,(anonymous_19)
FN:231,getEarnedBadges
FN:232,(anonymous_21)
FN:238,countBadgesByTier
FN:241,(anonymous_23)
FN:242,(anonymous_24)
FN:243,(anonymous_25)
FN:244,(anonymous_26)
FNF:27
FNH:27
FNDA:16,(anonymous_0)
FNDA:16,(anonymous_1)
FNDA:16,(anonymous_2)
FNDA:16,(anonymous_3)
FNDA:16,(anonymous_4)
FNDA:4,(anonymous_5)
FNDA:1,(anonymous_6)
FNDA:4,(anonymous_7)
FNDA:16,(anonymous_8)
FNDA:16,(anonymous_9)
FNDA:16,(anonymous_10)
FNDA:16,(anonymous_11)
FNDA:16,(anonymous_12)
FNDA:16,(anonymous_13)
FNDA:16,(anonymous_14)
FNDA:16,(anonymous_15)
FNDA:16,(anonymous_16)
FNDA:16,(anonymous_17)
FNDA:16,evaluateBadges
FNDA:240,(anonymous_19)
FNDA:2,getEarnedBadges
FNDA:20,(anonymous_21)
FNDA:1,countBadgesByTier
FNDA:4,(anonymous_23)
FNDA:4,(anonymous_24)
FNDA:4,(anonymous_25)
FNDA:4,(anonymous_26)
DA:26,2
DA:36,16
DA:47,16
DA:58,16
DA:69,16
DA:82,16
DA:83,16
DA:84,4
DA:85,1
DA:86,16
DA:87,4
DA:90,16
DA:101,16
DA:113,16
DA:123,16
DA:133,16
DA:145,16
DA:155,16
DA:166,16
DA:178,16
DA:188,16
DA:199,16
DA:213,16
DA:214,240
DA:215,240
DA:232,20
DA:239,1
DA:240,1
DA:241,4
DA:242,4
DA:243,4
DA:244,4
LF:32
LH:32
BRDA:47,0,0,16
BRDA:47,0,1,5
BRDA:58,1,0,16
BRDA:58,1,1,5
BRDA:69,2,0,16
BRDA:69,2,1,5
BRDA:90,3,0,16
BRDA:90,3,1,4
BRDA:166,4,0,16
BRDA:166,4,1,15
BRDA:199,5,0,16
BRDA:199,5,1,1
BRDA:199,5,2,1
BRDA:223,6,0,57
BRDA:223,6,1,183
BRF:15
BRH:15
end_of_record
TN:
SF:src/engine/calculator.ts
FN:36,clampNonNegative
FN:44,calculateTransportEmissions
FN:67,(anonymous_2)
FN:82,calculateElectricityEmissions
FN:125,(anonymous_4)
FN:143,calculateFoodEmissions
FN:205,(anonymous_6)
FN:206,(anonymous_7)
FN:207,(anonymous_8)
FN:225,calculateTotalFootprint
FN:251,formatTransportMode
FN:267,formatEnergySource
FN:277,formatDietType
FNF:13
FNH:13
FNDA:350,clampNonNegative
FNDA:60,calculateTransportEmissions
FNDA:70,(anonymous_2)
FNDA:66,calculateElectricityEmissions
FNDA:75,(anonymous_4)
FNDA:67,calculateFoodEmissions
FNDA:219,(anonymous_6)
FNDA:213,(anonymous_7)
FNDA:219,(anonymous_8)
FNDA:50,calculateTotalFootprint
FNDA:70,formatTransportMode
FNDA:66,formatEnergySource
FNDA:67,formatDietType
DA:30,5
DA:37,350
DA:38,347
DA:45,60
DA:46,60
DA:48,60
DA:49,84
DA:50,84
DA:51,84
DA:53,84
DA:54,70
DA:61,84
DA:64,60
DA:67,70
DA:72,60
DA:83,66
DA:84,66
DA:85,66
DA:88,66
DA:89,66
DA:91,66
DA:93,66
DA:94,66
DA:101,66
DA:102,6
DA:103,6
DA:104,6
DA:112,66
DA:113,3
DA:114,3
DA:115,3
DA:122,66
DA:125,75
DA:133,66
DA:144,67
DA:147,67
DA:148,67
DA:155,67
DA:156,67
DA:157,67
DA:158,50
DA:159,50
DA:167,67
DA:168,67
DA:169,67
DA:170,49
DA:171,49
DA:179,67
DA:180,67
DA:181,48
DA:182,48
DA:183,48
DA:191,67
DA:192,5
DA:193,5
DA:194,5
DA:201,67
DA:204,67
DA:205,219
DA:206,213
DA:207,219
DA:215,67
DA:226,50
DA:227,50
DA:228,50
DA:230,50
DA:232,50
DA:238,50
DA:252,70
DA:264,70
DA:268,66
DA:274,66
DA:278,67
DA:286,67
LF:74
LH:74
BRDA:37,0,0,3
BRDA:37,0,1,347
BRDA:37,1,0,350
BRDA:37,1,1,348
BRDA:53,2,0,70
BRDA:53,2,1,14
BRDA:69,3,0,70
BRDA:69,3,1,0
BRDA:101,4,0,6
BRDA:101,4,1,60
BRDA:112,5,0,3
BRDA:112,5,1,63
BRDA:128,6,0,71
BRDA:128,6,1,4
BRDA:157,7,0,50
BRDA:157,7,1,17
BRDA:169,8,0,49
BRDA:169,8,1,18
BRDA:180,9,0,48
BRDA:180,9,1,19
BRDA:191,10,0,5
BRDA:191,10,1,62
BRDA:210,11,0,218
BRDA:210,11,1,1
BRDA:233,12,0,50
BRDA:233,12,1,0
BRDA:234,13,0,50
BRDA:234,13,1,0
BRDA:235,14,0,50
BRDA:235,14,1,0
BRDA:244,15,0,50
BRDA:244,15,1,0
BRDA:264,16,0,70
BRDA:264,16,1,0
BRDA:274,17,0,66
BRDA:274,17,1,1
BRDA:286,18,0,67
BRDA:286,18,1,1
BRF:38
BRH:32
end_of_record
TN:
SF:src/engine/recommendations.ts
FN:49,(anonymous_0)
FN:50,(anonymous_1)
FN:51,(anonymous_2)
FN:67,(anonymous_3)
FN:68,(anonymous_4)
FN:69,(anonymous_5)
FN:84,(anonymous_6)
FN:85,(anonymous_7)
FN:86,(anonymous_8)
FN:90,(anonymous_9)
FN:101,(anonymous_10)
FN:102,(anonymous_11)
FN:103,(anonymous_12)
FN:114,(anonymous_13)
FN:115,(anonymous_14)
FN:117,(anonymous_15)
FN:132,(anonymous_16)
FN:133,(anonymous_17)
FN:144,(anonymous_18)
FN:145,(anonymous_19)
FN:156,(anonymous_20)
FN:157,(anonymous_21)
FN:168,(anonymous_22)
FN:169,(anonymous_23)
FN:182,(anonymous_24)
FN:183,(anonymous_25)
FN:194,(anonymous_26)
FN:195,(anonymous_27)
FN:207,(anonymous_28)
FN:208,(anonymous_29)
FN:220,(anonymous_30)
FN:221,(anonymous_31)
FN:232,(anonymous_32)
FN:233,(anonymous_33)
FN:242,generateRecommendations
FN:249,(anonymous_35)
FN:250,(anonymous_36)
FN:271,(anonymous_37)
FN:280,calculateTotalPotentialReduction
FN:284,(anonymous_39)
FN:285,(anonymous_40)
FN:286,(anonymous_41)
FNF:42
FNH:41
FNDA:11,(anonymous_0)
FNDA:12,(anonymous_1)
FNDA:12,(anonymous_2)
FNDA:11,(anonymous_3)
FNDA:12,(anonymous_4)
FNDA:12,(anonymous_5)
FNDA:11,(anonymous_6)
FNDA:12,(anonymous_7)
FNDA:12,(anonymous_8)
FNDA:11,(anonymous_9)
FNDA:0,(anonymous_10)
FNDA:12,(anonymous_11)
FNDA:12,(anonymous_12)
FNDA:11,(anonymous_13)
FNDA:12,(anonymous_14)
FNDA:12,(anonymous_15)
FNDA:9,(anonymous_16)
FNDA:12,(anonymous_17)
FNDA:12,(anonymous_18)
FNDA:12,(anonymous_19)
FNDA:12,(anonymous_20)
FNDA:12,(anonymous_21)
FNDA:11,(anonymous_22)
FNDA:12,(anonymous_23)
FNDA:12,(anonymous_24)
FNDA:12,(anonymous_25)
FNDA:12,(anonymous_26)
FNDA:12,(anonymous_27)
FNDA:12,(anonymous_28)
FNDA:12,(anonymous_29)
FNDA:12,(anonymous_30)
FNDA:12,(anonymous_31)
FNDA:12,(anonymous_32)
FNDA:12,(anonymous_33)
FNDA:12,generateRecommendations
FNDA:168,(anonymous_35)
FNDA:148,(anonymous_36)
FNDA:373,(anonymous_37)
FNDA:3,calculateTotalPotentialReduction
FNDA:39,(anonymous_39)
FNDA:38,(anonymous_40)
FNDA:38,(anonymous_41)
DA:38,2
DA:49,11
DA:51,12
DA:53,12
DA:67,11
DA:69,12
DA:70,12
DA:84,11
DA:86,12
DA:87,12
DA:90,11
DA:101,0
DA:103,12
DA:114,11
DA:116,12
DA:118,12
DA:132,9
DA:133,12
DA:144,12
DA:145,12
DA:156,12
DA:157,12
DA:168,11
DA:169,12
DA:182,12
DA:183,12
DA:194,12
DA:196,12
DA:207,12
DA:209,12
DA:220,12
DA:221,12
DA:232,12
DA:234,12
DA:246,12
DA:248,12
DA:249,168
DA:251,148
DA:253,148
DA:257,148
DA:271,373
DA:273,12
DA:284,39
DA:285,38
DA:286,38
DA:288,3
LF:46
LH:45
BRDA:53,0,0,12
BRDA:53,0,1,1
BRDA:53,0,2,1
BRDA:70,1,0,12
BRDA:70,1,1,1
BRDA:70,1,2,11
BRDA:86,2,0,12
BRDA:86,2,1,11
BRDA:87,3,0,12
BRDA:87,3,1,1
BRDA:87,3,2,1
BRDA:87,3,3,11
BRDA:103,4,0,12
BRDA:103,4,1,0
BRDA:116,5,0,12
BRDA:116,5,1,12
BRDA:118,6,0,12
BRDA:118,6,1,1
BRDA:118,6,2,11
BRDA:196,7,0,12
BRDA:196,7,1,12
BRDA:209,8,0,12
BRDA:209,8,1,12
BRDA:234,9,0,12
BRDA:234,9,1,12
BRDA:253,10,0,148
BRDA:253,10,1,0
BRF:27
BRH:25
end_of_record
TN:
SF:src/engine/scenario.ts
FN:25,simulateScenario
FN:69,applyChanges
FN:104,(anonymous_2)
FN:106,(anonymous_3)
FN:113,(anonymous_4)
FN:117,(anonymous_5)
FN:120,(anonymous_6)
FN:124,(anonymous_7)
FN:139,(anonymous_8)
FN:143,(anonymous_9)
FN:146,(anonymous_10)
FN:148,(anonymous_11)
FN:168,(anonymous_12)
FN:171,applyTransportChange
FN:179,(anonymous_14)
FN:180,(anonymous_15)
FN:184,(anonymous_16)
FN:185,(anonymous_17)
FN:186,(anonymous_18)
FN:189,applyElectricityChange
FN:197,(anonymous_20)
FN:198,(anonymous_21)
FN:199,(anonymous_22)
FN:200,(anonymous_23)
FN:201,(anonymous_24)
FN:204,applyFoodChange
FNF:26
FNH:26
FNDA:16,simulateScenario
FNDA:16,applyChanges
FNDA:1,(anonymous_2)
FNDA:1,(anonymous_3)
FNDA:1,(anonymous_4)
FNDA:1,(anonymous_5)
FNDA:3,(anonymous_6)
FNDA:6,(anonymous_7)
FNDA:3,(anonymous_8)
FNDA:3,(anonymous_9)
FNDA:6,(anonymous_10)
FNDA:6,(anonymous_11)
FNDA:1,(anonymous_12)
FNDA:10,applyTransportChange
FNDA:1,(anonymous_14)
FNDA:1,(anonymous_15)
FNDA:2,(anonymous_16)
FNDA:1,(anonymous_17)
FNDA:1,(anonymous_18)
FNDA:7,applyElectricityChange
FNDA:1,(anonymous_20)
FNDA:1,(anonymous_21)
FNDA:1,(anonymous_22)
FNDA:1,(anonymous_23)
FNDA:1,(anonymous_24)
FNDA:6,applyFoodChange
DA:29,16
DA:30,16
DA:31,16
DA:33,16
DA:38,16
DA:44,16
DA:56,16
DA:73,16
DA:75,16
DA:76,23
DA:78,10
DA:82,10
DA:84,7
DA:88,7
DA:90,6
DA:94,6
DA:98,16
DA:103,1
DA:105,1
DA:106,1
DA:107,1
DA:108,1
DA:114,1
DA:115,1
DA:117,1
DA:121,3
DA:122,3
DA:125,6
DA:130,5
DA:135,1
DA:140,3
DA:142,3
DA:143,3
DA:144,3
DA:146,6
DA:148,3
DA:149,6
DA:154,5
DA:159,1
DA:162,3
DA:163,2
DA:166,3
DA:168,1
DA:172,10
DA:173,10
DA:178,1
DA:179,1
DA:181,1
DA:182,1
DA:184,2
DA:185,1
DA:186,1
DA:190,7
DA:191,7
DA:196,1
DA:197,1
DA:198,1
DA:199,1
DA:200,1
DA:201,1
DA:205,6
DA:206,6
DA:219,1
LF:63
LH:63
BRDA:38,0,0,16
BRDA:38,0,1,0
BRDA:76,1,0,10
BRDA:76,1,1,7
BRDA:76,1,2,6
BRDA:107,2,0,0
BRDA:107,2,1,1
BRDA:125,3,0,5
BRDA:125,3,1,1
BRDA:126,4,0,6
BRDA:126,4,1,3
BRDA:126,4,2,2
BRDA:144,5,0,3
BRDA:144,5,1,0
BRDA:144,5,2,0
BRDA:149,6,0,5
BRDA:149,6,1,1
BRDA:150,7,0,6
BRDA:150,7,1,3
BRDA:150,7,2,2
BRDA:162,8,0,2
BRDA:162,8,1,1
BRDA:162,9,0,3
BRDA:162,9,1,2
BRDA:173,10,0,9
BRDA:173,10,1,1
BRDA:191,11,0,6
BRDA:191,11,1,1
BRDA:206,12,0,5
BRDA:206,12,1,1
BRF:30
BRH:26
end_of_record
TN:
SF:src/services/chatService.ts
FN:7,sendChatMessage
FNF:1
FNH:1
FNDA:5,sendChatMessage
DA:12,5
DA:14,5
DA:26,5
DA:27,1
DA:28,1
DA:29,1
DA:30,1
DA:34,1
DA:37,4
DA:38,1
DA:41,3
DA:42,3
DA:43,3
DA:45,3
DA:46,3
DA:47,5
DA:48,5
DA:50,5
DA:51,5
DA:54,5
DA:56,5
DA:57,7
DA:58,7
DA:59,7
DA:60,2
DA:63,5
DA:64,5
DA:66,1
DA:67,1
DA:70,4
DA:71,1
DA:73,3
DA:74,3
DA:80,3
LF:34
LH:34
BRDA:26,0,0,1
BRDA:26,0,1,4
BRDA:30,1,0,1
BRDA:30,1,1,0
BRDA:37,2,0,1
BRDA:37,2,1,3
BRDA:48,3,0,0
BRDA:48,3,1,5
BRDA:54,4,0,5
BRDA:54,4,1,5
BRDA:57,5,0,7
BRDA:57,5,1,0
BRDA:59,6,0,2
BRDA:59,6,1,5
BRDA:70,7,0,1
BRDA:70,7,1,3
BRDA:73,8,0,3
BRDA:73,8,1,0
BRF:18
BRH:14
end_of_record
TN:
SF:src/services/contextBuilder.ts
FN:9,buildCoachContext
FN:29,(anonymous_1)
FN:64,(anonymous_2)
FN:65,(anonymous_3)
FN:75,(anonymous_4)
FN:87,(anonymous_5)
FN:93,(anonymous_6)
FN:99,(anonymous_7)
FNF:8
FNH:8
FNDA:7,buildCoachContext
FNDA:6,(anonymous_1)
FNDA:10,(anonymous_2)
FNDA:10,(anonymous_3)
FNDA:5,(anonymous_4)
FNDA:5,(anonymous_5)
FNDA:5,(anonymous_6)
FNDA:5,(anonymous_7)
DA:15,7
DA:16,1
DA:28,6
DA:29,6
DA:32,6
DA:49,6
DA:64,10
DA:65,10
DA:67,6
DA:77,5
DA:87,5
DA:93,7
DA:95,7
DA:101,5
DA:113,7
DA:137,7
DA:138,1
DA:141,6
LF:18
LH:18
BRDA:15,0,0,1
BRDA:15,0,1,6
BRDA:15,1,0,7
BRDA:15,1,1,6
BRDA:73,2,0,5
BRDA:73,2,1,1
BRDA:78,3,0,5
BRDA:78,3,1,0
BRDA:87,4,0,5
BRDA:87,4,1,1
BRDA:97,5,0,5
BRDA:97,5,1,1
BRDA:137,6,0,1
BRDA:137,6,1,6
BRF:14
BRH:13
end_of_record
TN:
SF:src/services/demoMode.ts
FN:5,loadDemoData
FNF:1
FNH:1
FNDA:1,loadDemoData
DA:6,1
DA:35,1
DA:37,1
DA:64,1
DA:65,1
DA:68,1
DA:69,6
DA:70,6
DA:71,6
DA:80,1
DA:81,1
DA:82,1
DA:84,1
LF:13
LH:13
BRF:0
BRH:0
end_of_record
TN:
SF:src/services/storage.ts
FN:28,isStorageAvailable
FN:41,safeRead
FN:61,safeWrite
FN:79,saveProfile
FN:83,loadProfile
FN:103,saveGoals
FN:107,loadGoals
FN:115,saveHistory
FN:119,loadHistory
FN:129,addHistorySnapshot
FN:140,clearAllData
FN:155,exportData
FNF:12
FNH:12
FNDA:99,isStorageAvailable
FNDA:52,safeRead
FNDA:46,safeWrite
FNDA:8,saveProfile
FNDA:9,loadProfile
FNDA:6,saveGoals
FNDA:8,loadGoals
FNDA:32,saveHistory
FNDA:35,loadHistory
FNDA:30,addHistorySnapshot
FNDA:1,clearAllData
FNDA:1,exportData
DA:13,3
DA:14,3
DA:16,3
DA:29,99
DA:30,99
DA:31,99
DA:32,99
DA:33,99
DA:35,3
DA:42,52
DA:44,50
DA:45,50
DA:46,50
DA:48,42
DA:49,42
DA:52,2
DA:53,2
DA:57,2
DA:62,46
DA:64,45
DA:65,45
DA:66,45
DA:67,45
DA:70,1
DA:71,1
DA:73,1
DA:80,8
DA:84,9
DA:85,9
DA:88,4
DA:95,1
DA:98,3
DA:104,6
DA:108,8
DA:109,8
DA:110,4
DA:116,32
DA:120,35
DA:121,35
DA:122,32
DA:130,30
DA:131,30
DA:134,30
DA:135,30
DA:141,1
DA:143,1
DA:144,1
DA:145,4
DA:156,1
LF:49
LH:49
BRDA:42,0,0,2
BRDA:42,0,1,50
BRDA:46,1,0,8
BRDA:46,1,1,42
BRDA:62,2,0,1
BRDA:62,2,1,45
BRDA:70,3,0,1
BRDA:70,3,1,0
BRDA:70,4,0,1
BRDA:70,4,1,1
BRDA:85,5,0,5
BRDA:85,5,1,4
BRDA:88,6,0,1
BRDA:88,6,1,3
BRDA:89,7,0,4
BRDA:89,7,1,4
BRDA:89,7,2,4
BRDA:89,7,3,3
BRDA:89,7,4,3
BRDA:109,8,0,4
BRDA:109,8,1,4
BRDA:121,9,0,3
BRDA:121,9,1,32
BRDA:141,10,0,0
BRDA:141,10,1,1
BRF:25
BRH:23
end_of_record
TN:
SF:src/services/systemPrompt.ts
FNF:0
FNH:0
DA:1,2
LF:1
LH:1
BRF:0
BRH:0
end_of_record
TN:
SF:src/services/validation.ts
FN:16,sanitizeText
FN:31,sanitizeName
FN:45,validateNumber
FN:79,validateText
FN:117,validateEnum
FN:130,validateTransportForm
FN:154,validateElectricityForm
FN:182,validateFoodForm
FN:215,validateGoalForm
FNF:9
FNH:9
FNDA:8,sanitizeText
FNDA:2,sanitizeName
FNDA:24,validateNumber
FNDA:7,validateText
FNDA:11,validateEnum
FNDA:3,validateTransportForm
FNDA:2,validateElectricityForm
FNDA:2,validateFoodForm
FNDA:2,validateGoalForm
DA:17,8
DA:18,6
DA:32,2
DA:35,2
DA:37,2
DA:50,24
DA:52,24
DA:53,5
DA:54,3
DA:56,2
DA:59,19
DA:61,24
DA:62,3
DA:65,16
DA:66,5
DA:69,11
DA:70,2
DA:73,9
DA:84,7
DA:86,7
DA:87,1
DA:88,1
DA:90,0
DA:93,6
DA:94,1
DA:97,5
DA:99,5
DA:100,1
DA:103,4
DA:104,2
DA:107,2
DA:108,1
DA:111,1
DA:122,11
DA:123,5
DA:125,6
DA:134,3
DA:136,3
DA:141,3
DA:142,3
DA:144,3
DA:149,3
DA:151,3
DA:159,2
DA:161,2
DA:166,2
DA:168,2
DA:169,2
DA:170,2
DA:172,2
DA:177,2
DA:179,2
DA:188,2
DA:190,2
DA:191,2
DA:192,2
DA:194,2
DA:199,2
DA:201,2
DA:206,2
DA:208,2
DA:209,2
DA:210,2
DA:212,2
DA:219,2
DA:221,2
DA:226,2
DA:228,2
DA:233,2
DA:235,2
LF:70
LH:69
BRDA:17,0,0,2
BRDA:17,0,1,6
BRDA:32,1,0,0
BRDA:32,1,1,2
BRDA:48,2,0,24
BRDA:50,3,0,24
BRDA:50,4,0,24
BRDA:50,5,0,24
BRDA:52,6,0,5
BRDA:52,6,1,19
BRDA:52,7,0,24
BRDA:52,7,1,22
BRDA:52,7,2,20
BRDA:53,8,0,3
BRDA:53,8,1,2
BRDA:59,9,0,1
BRDA:59,9,1,18
BRDA:61,10,0,3
BRDA:61,10,1,21
BRDA:65,11,0,5
BRDA:65,11,1,11
BRDA:69,12,0,2
BRDA:69,12,1,9
BRDA:82,13,0,7
BRDA:84,14,0,7
BRDA:84,15,0,7
BRDA:84,16,0,7
BRDA:86,17,0,1
BRDA:86,17,1,6
BRDA:86,18,0,7
BRDA:86,18,1,7
BRDA:86,18,2,7
BRDA:87,19,0,1
BRDA:87,19,1,0
BRDA:93,20,0,1
BRDA:93,20,1,5
BRDA:99,21,0,1
BRDA:99,21,1,4
BRDA:99,22,0,5
BRDA:99,22,1,3
BRDA:103,23,0,2
BRDA:103,23,1,2
BRDA:107,24,0,1
BRDA:107,24,1,1
BRDA:122,25,0,5
BRDA:122,25,1,6
BRDA:122,26,0,11
BRDA:122,26,1,11
BRDA:142,27,0,1
BRDA:142,27,1,2
BRDA:149,28,0,1
BRDA:149,28,1,2
BRDA:166,29,0,1
BRDA:166,29,1,1
BRDA:170,30,0,1
BRDA:170,30,1,1
BRDA:177,31,0,1
BRDA:177,31,1,1
BRDA:192,32,0,1
BRDA:192,32,1,1
BRDA:199,33,0,1
BRDA:199,33,1,1
BRDA:206,34,0,0
BRDA:206,34,1,2
BRDA:210,35,0,1
BRDA:210,35,1,1
BRDA:226,36,0,1
BRDA:226,36,1,1
BRDA:233,37,0,1
BRDA:233,37,1,1
BRF:70
BRH:67
end_of_record
