TN:
SF:src/engine/badges.ts
FN:36,(anonymous_0)
FN:46,(anonymous_1)
FN:57,(anonymous_2)
FN:68,(anonymous_3)
FN:81,(anonymous_4)
FN:84,(anonymous_5)
FN:85,(anonymous_6)
FN:86,(anonymous_7)
FN:101,(anonymous_8)
FN:113,(anonymous_9)
FN:123,(anonymous_10)
FN:133,(anonymous_11)
FN:145,(anonymous_12)
FN:155,(anonymous_13)
FN:165,(anonymous_14)
FN:178,(anonymous_15)
FN:188,(anonymous_16)
FN:198,(anonymous_17)
FN:208,evaluateBadges
FN:213,(anonymous_19)
FN:231,getEarnedBadges
FN:232,(anonymous_21)
FN:238,countBadgesByTier
FN:241,(anonymous_23)
FN:242,(anonymous_24)
FN:243,(anonymous_25)
FN:244,(anonymous_26)
FNF:27
FNH:20
FNDA:9,(anonymous_0)
FNDA:9,(anonymous_1)
FNDA:9,(anonymous_2)
FNDA:9,(anonymous_3)
FNDA:9,(anonymous_4)
FNDA:3,(anonymous_5)
FNDA:1,(anonymous_6)
FNDA:3,(anonymous_7)
FNDA:9,(anonymous_8)
FNDA:9,(anonymous_9)
FNDA:9,(anonymous_10)
FNDA:9,(anonymous_11)
FNDA:9,(anonymous_12)
FNDA:9,(anonymous_13)
FNDA:9,(anonymous_14)
FNDA:9,(anonymous_15)
FNDA:9,(anonymous_16)
FNDA:9,(anonymous_17)
FNDA:9,evaluateBadges
FNDA:135,(anonymous_19)
FNDA:0,getEarnedBadges
FNDA:0,(anonymous_21)
FNDA:0,countBadgesByTier
FNDA:0,(anonymous_23)
FNDA:0,(anonymous_24)
FNDA:0,(anonymous_25)
FNDA:0,(anonymous_26)
DA:26,1
DA:36,9
DA:47,9
DA:58,9
DA:69,9
DA:82,9
DA:83,9
DA:84,3
DA:85,1
DA:86,9
DA:87,3
DA:90,9
DA:101,9
DA:113,9
DA:123,9
DA:133,9
DA:145,9
DA:155,9
DA:166,9
DA:178,9
DA:188,9
DA:199,9
DA:213,9
DA:214,135
DA:215,135
DA:232,0
DA:239,0
DA:240,0
DA:241,0
DA:242,0
DA:243,0
DA:244,0
LF:32
LH:25
BRDA:47,0,0,9
BRDA:47,0,1,0
BRDA:58,1,0,9
BRDA:58,1,1,0
BRDA:69,2,0,9
BRDA:69,2,1,0
BRDA:90,3,0,9
BRDA:90,3,1,3
BRDA:166,4,0,9
BRDA:166,4,1,8
BRDA:199,5,0,9
BRDA:199,5,1,0
BRDA:199,5,2,0
BRDA:223,6,0,32
BRDA:223,6,1,103
BRF:15
BRH:10
end_of_record
TN:
SF:src/engine/calculator.ts
FN:36,clampNonNegative
FN:44,calculateTransportEmissions
FN:67,(anonymous_2)
FN:82,calculateElectricityEmissions
FN:125,(anonymous_4)
FN:143,calculateFoodEmissions
FN:205,(anonymous_6)
FN:206,(anonymous_7)
FN:207,(anonymous_8)
FN:225,calculateTotalFootprint
FN:251,formatTransportMode
FN:267,formatEnergySource
FN:277,formatDietType
FNF:13
FNH:13
FNDA:158,clampNonNegative
FNDA:30,calculateTransportEmissions
FNDA:26,(anonymous_2)
FNDA:32,calculateElectricityEmissions
FNDA:35,(anonymous_4)
FNDA:31,calculateFoodEmissions
FNDA:100,(anonymous_6)
FNDA:99,(anonymous_7)
FNDA:100,(anonymous_8)
FNDA:22,calculateTotalFootprint
FNDA:26,formatTransportMode
FNDA:32,formatEnergySource
FNDA:31,formatDietType
DA:30,3
DA:37,158
DA:38,155
DA:45,30
DA:46,30
DA:48,30
DA:49,32
DA:50,32
DA:51,32
DA:53,32
DA:54,26
DA:61,32
DA:64,30
DA:67,30
DA:72,30
DA:83,32
DA:84,32
DA:85,32
DA:88,32
DA:89,32
DA:91,32
DA:93,32
DA:94,32
DA:101,32
DA:102,2
DA:103,2
DA:104,2
DA:112,32
DA:113,1
DA:114,1
DA:115,1
DA:122,32
DA:125,35
DA:133,32
DA:144,31
DA:147,31
DA:148,31
DA:155,31
DA:156,31
DA:157,31
DA:158,23
DA:159,23
DA:167,31
DA:168,31
DA:169,31
DA:170,22
DA:171,22
DA:179,31
DA:180,31
DA:181,23
DA:182,23
DA:183,23
DA:191,31
DA:192,1
DA:193,1
DA:194,1
DA:201,31
DA:204,31
DA:205,100
DA:206,99
DA:207,100
DA:215,31
DA:226,22
DA:227,22
DA:228,22
DA:230,22
DA:232,22
DA:238,22
DA:252,26
DA:264,26
DA:268,32
DA:274,32
DA:278,31
DA:286,31
LF:74
LH:74
BRDA:37,0,0,3
BRDA:37,0,1,155
BRDA:37,1,0,158
BRDA:37,1,1,156
BRDA:53,2,0,26
BRDA:53,2,1,6
BRDA:69,3,0,26
BRDA:69,3,1,0
BRDA:101,4,0,2
BRDA:101,4,1,30
BRDA:112,5,0,1
BRDA:112,5,1,31
BRDA:128,6,0,34
BRDA:128,6,1,1
BRDA:157,7,0,23
BRDA:157,7,1,8
BRDA:169,8,0,22
BRDA:169,8,1,9
BRDA:180,9,0,23
BRDA:180,9,1,8
BRDA:191,10,0,1
BRDA:191,10,1,30
BRDA:210,11,0,100
BRDA:210,11,1,0
BRDA:233,12,0,22
BRDA:233,12,1,0
BRDA:234,13,0,22
BRDA:234,13,1,0
BRDA:235,14,0,22
BRDA:235,14,1,0
BRDA:244,15,0,22
BRDA:244,15,1,0
BRDA:264,16,0,26
BRDA:264,16,1,0
BRDA:274,17,0,32
BRDA:274,17,1,0
BRDA:286,18,0,31
BRDA:286,18,1,0
BRF:38
BRH:29
end_of_record
TN:
SF:src/engine/recommendations.ts
FN:49,(anonymous_0)
FN:50,(anonymous_1)
FN:51,(anonymous_2)
FN:67,(anonymous_3)
FN:68,(anonymous_4)
FN:69,(anonymous_5)
FN:84,(anonymous_6)
FN:85,(anonymous_7)
FN:86,(anonymous_8)
FN:90,(anonymous_9)
FN:101,(anonymous_10)
FN:102,(anonymous_11)
FN:103,(anonymous_12)
FN:114,(anonymous_13)
FN:115,(anonymous_14)
FN:117,(anonymous_15)
FN:132,(anonymous_16)
FN:133,(anonymous_17)
FN:144,(anonymous_18)
FN:145,(anonymous_19)
FN:156,(anonymous_20)
FN:157,(anonymous_21)
FN:168,(anonymous_22)
FN:169,(anonymous_23)
FN:182,(anonymous_24)
FN:183,(anonymous_25)
FN:194,(anonymous_26)
FN:195,(anonymous_27)
FN:207,(anonymous_28)
FN:208,(anonymous_29)
FN:220,(anonymous_30)
FN:221,(anonymous_31)
FN:232,(anonymous_32)
FN:233,(anonymous_33)
FN:242,generateRecommendations
FN:249,(anonymous_35)
FN:250,(anonymous_36)
FN:271,(anonymous_37)
FN:280,calculateTotalPotentialReduction
FN:284,(anonymous_39)
FN:285,(anonymous_40)
FN:286,(anonymous_41)
FNF:42
FNH:41
FNDA:9,(anonymous_0)
FNDA:10,(anonymous_1)
FNDA:10,(anonymous_2)
FNDA:9,(anonymous_3)
FNDA:10,(anonymous_4)
FNDA:10,(anonymous_5)
FNDA:9,(anonymous_6)
FNDA:10,(anonymous_7)
FNDA:10,(anonymous_8)
FNDA:9,(anonymous_9)
FNDA:0,(anonymous_10)
FNDA:10,(anonymous_11)
FNDA:10,(anonymous_12)
FNDA:9,(anonymous_13)
FNDA:10,(anonymous_14)
FNDA:10,(anonymous_15)
FNDA:9,(anonymous_16)
FNDA:10,(anonymous_17)
FNDA:10,(anonymous_18)
FNDA:10,(anonymous_19)
FNDA:10,(anonymous_20)
FNDA:10,(anonymous_21)
FNDA:9,(anonymous_22)
FNDA:10,(anonymous_23)
FNDA:10,(anonymous_24)
FNDA:10,(anonymous_25)
FNDA:10,(anonymous_26)
FNDA:10,(anonymous_27)
FNDA:10,(anonymous_28)
FNDA:10,(anonymous_29)
FNDA:10,(anonymous_30)
FNDA:10,(anonymous_31)
FNDA:10,(anonymous_32)
FNDA:10,(anonymous_33)
FNDA:10,generateRecommendations
FNDA:140,(anonymous_35)
FNDA:124,(anonymous_36)
FNDA:315,(anonymous_37)
FNDA:3,calculateTotalPotentialReduction
FNDA:39,(anonymous_39)
FNDA:38,(anonymous_40)
FNDA:38,(anonymous_41)
DA:38,1
DA:49,9
DA:51,10
DA:53,10
DA:67,9
DA:69,10
DA:70,10
DA:84,9
DA:86,10
DA:87,10
DA:90,9
DA:101,0
DA:103,10
DA:114,9
DA:116,10
DA:118,10
DA:132,9
DA:133,10
DA:144,10
DA:145,10
DA:156,10
DA:157,10
DA:168,9
DA:169,10
DA:182,10
DA:183,10
DA:194,10
DA:196,10
DA:207,10
DA:209,10
DA:220,10
DA:221,10
DA:232,10
DA:234,10
DA:246,10
DA:248,10
DA:249,140
DA:251,124
DA:253,124
DA:257,124
DA:271,315
DA:273,10
DA:284,39
DA:285,38
DA:286,38
DA:288,3
LF:46
LH:45
BRDA:53,0,0,10
BRDA:53,0,1,1
BRDA:53,0,2,1
BRDA:70,1,0,10
BRDA:70,1,1,1
BRDA:70,1,2,9
BRDA:86,2,0,10
BRDA:86,2,1,9
BRDA:87,3,0,10
BRDA:87,3,1,1
BRDA:87,3,2,1
BRDA:87,3,3,9
BRDA:103,4,0,10
BRDA:103,4,1,0
BRDA:116,5,0,10
BRDA:116,5,1,10
BRDA:118,6,0,10
BRDA:118,6,1,1
BRDA:118,6,2,9
BRDA:196,7,0,10
BRDA:196,7,1,10
BRDA:209,8,0,10
BRDA:209,8,1,10
BRDA:234,9,0,10
BRDA:234,9,1,10
BRDA:253,10,0,124
BRDA:253,10,1,0
BRF:27
BRH:25
end_of_record
TN:
SF:src/engine/scenario.ts
FN:25,simulateScenario
FN:69,applyChanges
FN:101,applyTransportChange
FN:105,(anonymous_3)
FN:116,(anonymous_4)
FN:123,(anonymous_5)
FN:142,(anonymous_6)
FN:145,(anonymous_7)
FN:147,(anonymous_8)
FN:174,applyElectricityChange
FN:193,applyFoodChange
FNF:11
FNH:6
FNDA:4,simulateScenario
FNDA:4,applyChanges
FNDA:2,applyTransportChange
FNDA:0,(anonymous_3)
FNDA:0,(anonymous_4)
FNDA:2,(anonymous_5)
FNDA:0,(anonymous_6)
FNDA:0,(anonymous_7)
FNDA:0,(anonymous_8)
FNDA:2,applyElectricityChange
FNDA:3,applyFoodChange
DA:29,4
DA:30,4
DA:31,4
DA:33,4
DA:38,4
DA:44,4
DA:56,4
DA:73,4
DA:75,4
DA:76,7
DA:78,2
DA:82,2
DA:84,2
DA:88,2
DA:90,3
DA:94,3
DA:98,4
DA:102,2
DA:104,0
DA:105,0
DA:106,0
DA:107,0
DA:113,0
DA:114,0
DA:116,0
DA:120,2
DA:121,2
DA:124,2
DA:129,2
DA:134,0
DA:139,0
DA:141,0
DA:142,0
DA:143,0
DA:145,0
DA:147,0
DA:148,0
DA:153,0
DA:158,0
DA:161,0
DA:162,0
DA:165,0
DA:168,0
DA:170,0
DA:175,2
DA:177,0
DA:179,0
DA:180,0
DA:183,2
DA:185,0
DA:187,0
DA:189,0
DA:194,3
DA:196,1
DA:198,1
DA:200,1
DA:202,0
DA:204,0
DA:206,0
DA:220,1
LF:60
LH:29
BRDA:38,0,0,4
BRDA:38,0,1,0
BRDA:76,1,0,2
BRDA:76,1,1,2
BRDA:76,1,2,3
BRDA:102,2,0,0
BRDA:102,2,1,0
BRDA:102,2,2,2
BRDA:102,2,3,0
BRDA:102,2,4,0
BRDA:102,2,5,0
BRDA:106,3,0,0
BRDA:106,3,1,0
BRDA:124,4,0,2
BRDA:124,4,1,0
BRDA:125,5,0,2
BRDA:125,5,1,0
BRDA:125,5,2,0
BRDA:143,6,0,0
BRDA:143,6,1,0
BRDA:143,6,2,0
BRDA:148,7,0,0
BRDA:148,7,1,0
BRDA:149,8,0,0
BRDA:149,8,1,0
BRDA:149,8,2,0
BRDA:161,9,0,0
BRDA:161,9,1,0
BRDA:161,10,0,0
BRDA:161,10,1,0
BRDA:175,11,0,0
BRDA:175,11,1,0
BRDA:175,11,2,2
BRDA:175,11,3,0
BRDA:175,11,4,0
BRDA:175,11,5,0
BRDA:194,12,0,1
BRDA:194,12,1,1
BRDA:194,12,2,1
BRDA:194,12,3,0
BRDA:194,12,4,0
BRDA:194,12,5,0
BRF:42
BRH:11
end_of_record
TN:
SF:src/services/chatService.ts
FN:7,sendChatMessage
FNF:1
FNH:1
FNDA:3,sendChatMessage
DA:12,3
DA:14,3
DA:26,3
DA:27,1
DA:28,1
DA:29,1
DA:30,1
DA:34,1
DA:37,2
DA:38,0
DA:41,2
DA:42,2
DA:43,2
DA:45,2
DA:46,2
DA:47,4
DA:48,4
DA:50,4
DA:51,4
DA:54,4
DA:56,4
DA:57,6
DA:58,6
DA:59,6
DA:60,2
DA:62,4
DA:63,4
DA:64,4
DA:65,0
DA:67,3
DA:68,3
DA:73,1
DA:79,2
LF:33
LH:31
BRDA:26,0,0,1
BRDA:26,0,1,2
BRDA:30,1,0,1
BRDA:30,1,1,0
BRDA:37,2,0,0
BRDA:37,2,1,2
BRDA:48,3,0,0
BRDA:48,3,1,4
BRDA:54,4,0,4
BRDA:54,4,1,4
BRDA:57,5,0,6
BRDA:57,5,1,0
BRDA:59,6,0,2
BRDA:59,6,1,4
BRDA:64,7,0,0
BRDA:64,7,1,4
BRDA:67,8,0,3
BRDA:67,8,1,0
BRF:18
BRH:12
end_of_record
TN:
SF:src/services/contextBuilder.ts
FN:9,buildCoachContext
FN:29,(anonymous_1)
FN:64,(anonymous_2)
FN:65,(anonymous_3)
FN:75,(anonymous_4)
FN:87,(anonymous_5)
FN:93,(anonymous_6)
FN:99,(anonymous_7)
FNF:8
FNH:8
FNDA:6,buildCoachContext
FNDA:5,(anonymous_1)
FNDA:10,(anonymous_2)
FNDA:10,(anonymous_3)
FNDA:5,(anonymous_4)
FNDA:5,(anonymous_5)
FNDA:5,(anonymous_6)
FNDA:5,(anonymous_7)
DA:15,6
DA:16,1
DA:28,5
DA:29,5
DA:32,5
DA:49,5
DA:64,10
DA:65,10
DA:67,5
DA:77,5
DA:87,5
DA:93,6
DA:95,6
DA:101,5
DA:113,6
DA:137,6
DA:138,1
DA:141,5
LF:18
LH:18
BRDA:15,0,0,1
BRDA:15,0,1,5
BRDA:15,1,0,6
BRDA:15,1,1,5
BRDA:73,2,0,5
BRDA:73,2,1,0
BRDA:78,3,0,5
BRDA:78,3,1,0
BRDA:87,4,0,5
BRDA:87,4,1,0
BRDA:97,5,0,5
BRDA:97,5,1,0
BRDA:137,6,0,1
BRDA:137,6,1,5
BRF:14
BRH:10
end_of_record
TN:
SF:src/services/demoMode.ts
FN:5,loadDemoData
FNF:1
FNH:0
FNDA:0,loadDemoData
DA:6,0
DA:35,0
DA:37,0
DA:64,0
DA:65,0
DA:68,0
DA:69,0
DA:70,0
DA:71,0
DA:80,0
DA:81,0
DA:82,0
DA:84,0
LF:13
LH:0
BRF:0
BRH:0
end_of_record
TN:
SF:src/services/storage.ts
FN:28,isStorageAvailable
FN:41,safeRead
FN:61,safeWrite
FN:79,saveProfile
FN:83,loadProfile
FN:103,saveGoals
FN:107,loadGoals
FN:115,saveHistory
FN:119,loadHistory
FN:129,addHistorySnapshot
FN:140,clearAllData
FN:155,exportData
FNF:12
FNH:12
FNDA:81,isStorageAvailable
FNDA:43,safeRead
FNDA:37,safeWrite
FNDA:3,saveProfile
FNDA:5,loadProfile
FNDA:3,saveGoals
FNDA:5,loadGoals
FNDA:31,saveHistory
FNDA:33,loadHistory
FNDA:30,addHistorySnapshot
FNDA:1,clearAllData
FNDA:1,exportData
DA:13,1
DA:14,1
DA:16,1
DA:29,81
DA:30,81
DA:31,81
DA:32,81
DA:33,81
DA:35,0
DA:42,43
DA:44,43
DA:45,43
DA:46,43
DA:48,35
DA:49,35
DA:52,0
DA:53,0
DA:57,0
DA:62,37
DA:64,37
DA:65,37
DA:66,37
DA:67,37
DA:70,0
DA:71,0
DA:73,0
DA:80,3
DA:84,5
DA:85,5
DA:88,2
DA:95,0
DA:98,2
DA:104,3
DA:108,5
DA:109,5
DA:110,2
DA:116,31
DA:120,33
DA:121,33
DA:122,31
DA:130,30
DA:131,30
DA:134,30
DA:135,30
DA:141,1
DA:143,1
DA:144,1
DA:145,4
DA:156,1
LF:49
LH:41
BRDA:42,0,0,0
BRDA:42,0,1,43
BRDA:46,1,0,8
BRDA:46,1,1,35
BRDA:62,2,0,0
BRDA:62,2,1,37
BRDA:70,3,0,0
BRDA:70,3,1,0
BRDA:70,4,0,0
BRDA:70,4,1,0
BRDA:85,5,0,3
BRDA:85,5,1,2
BRDA:88,6,0,0
BRDA:88,6,1,2
BRDA:89,7,0,2
BRDA:89,7,1,2
BRDA:89,7,2,2
BRDA:89,7,3,2
BRDA:89,7,4,2
BRDA:109,8,0,3
BRDA:109,8,1,2
BRDA:121,9,0,2
BRDA:121,9,1,31
BRDA:141,10,0,0
BRDA:141,10,1,1
BRF:25
BRH:17
end_of_record
TN:
SF:src/services/systemPrompt.ts
FNF:0
FNH:0
DA:1,1
LF:1
LH:1
BRF:0
BRH:0
end_of_record
TN:
SF:src/services/validation.ts
FN:16,sanitizeText
FN:31,sanitizeName
FN:45,validateNumber
FN:79,validateText
FN:117,validateEnum
FN:130,validateTransportForm
FN:154,validateElectricityForm
FN:182,validateFoodForm
FN:215,validateGoalForm
FNF:9
FNH:9
FNDA:8,sanitizeText
FNDA:2,sanitizeName
FNDA:24,validateNumber
FNDA:7,validateText
FNDA:11,validateEnum
FNDA:3,validateTransportForm
FNDA:2,validateElectricityForm
FNDA:2,validateFoodForm
FNDA:2,validateGoalForm
DA:17,8
DA:18,6
DA:32,2
DA:35,2
DA:37,2
DA:50,24
DA:52,24
DA:53,5
DA:54,3
DA:56,2
DA:59,19
DA:61,24
DA:62,3
DA:65,16
DA:66,5
DA:69,11
DA:70,2
DA:73,9
DA:84,7
DA:86,7
DA:87,1
DA:88,1
DA:90,0
DA:93,6
DA:94,1
DA:97,5
DA:99,5
DA:100,1
DA:103,4
DA:104,2
DA:107,2
DA:108,1
DA:111,1
DA:122,11
DA:123,5
DA:125,6
DA:134,3
DA:136,3
DA:141,3
DA:142,3
DA:144,3
DA:149,3
DA:151,3
DA:159,2
DA:161,2
DA:166,2
DA:168,2
DA:169,2
DA:170,2
DA:172,2
DA:177,2
DA:179,2
DA:188,2
DA:190,2
DA:191,2
DA:192,2
DA:194,2
DA:199,2
DA:201,2
DA:206,2
DA:208,2
DA:209,2
DA:210,2
DA:212,2
DA:219,2
DA:221,2
DA:226,2
DA:228,2
DA:233,2
DA:235,2
LF:70
LH:69
BRDA:17,0,0,2
BRDA:17,0,1,6
BRDA:32,1,0,0
BRDA:32,1,1,2
BRDA:48,2,0,24
BRDA:50,3,0,24
BRDA:50,4,0,24
BRDA:50,5,0,24
BRDA:52,6,0,5
BRDA:52,6,1,19
BRDA:52,7,0,24
BRDA:52,7,1,22
BRDA:52,7,2,20
BRDA:53,8,0,3
BRDA:53,8,1,2
BRDA:59,9,0,1
BRDA:59,9,1,18
BRDA:61,10,0,3
BRDA:61,10,1,21
BRDA:65,11,0,5
BRDA:65,11,1,11
BRDA:69,12,0,2
BRDA:69,12,1,9
BRDA:82,13,0,7
BRDA:84,14,0,7
BRDA:84,15,0,7
BRDA:84,16,0,7
BRDA:86,17,0,1
BRDA:86,17,1,6
BRDA:86,18,0,7
BRDA:86,18,1,7
BRDA:86,18,2,7
BRDA:87,19,0,1
BRDA:87,19,1,0
BRDA:93,20,0,1
BRDA:93,20,1,5
BRDA:99,21,0,1
BRDA:99,21,1,4
BRDA:99,22,0,5
BRDA:99,22,1,3
BRDA:103,23,0,2
BRDA:103,23,1,2
BRDA:107,24,0,1
BRDA:107,24,1,1
BRDA:122,25,0,5
BRDA:122,25,1,6
BRDA:122,26,0,11
BRDA:122,26,1,11
BRDA:142,27,0,1
BRDA:142,27,1,2
BRDA:149,28,0,1
BRDA:149,28,1,2
BRDA:166,29,0,1
BRDA:166,29,1,1
BRDA:170,30,0,1
BRDA:170,30,1,1
BRDA:177,31,0,1
BRDA:177,31,1,1
BRDA:192,32,0,1
BRDA:192,32,1,1
BRDA:199,33,0,1
BRDA:199,33,1,1
BRDA:206,34,0,0
BRDA:206,34,1,2
BRDA:210,35,0,1
BRDA:210,35,1,1
BRDA:226,36,0,1
BRDA:226,36,1,1
BRDA:233,37,0,1
BRDA:233,37,1,1
BRF:70
BRH:67
end_of_record
